[0126/105547.745:ERROR:process_info.cc(350)] VirtualQueryEx: Access is denied. (0x5)
[0126/105547.746:ERROR:process_info.cc(571)] ReadMemoryInfo failed
[0126/105547.811:ERROR:process_reader_win.cc(151)] SuspendThread: Access is denied. (0x5)
[0126/105547.811:ERROR:exception_snapshot_win.cc(87)] thread ID 0 not found in process
[0126/105547.811:WARNING:crash_report_exception_handler.cc(62)] ProcessSnapshotWin::Initialize failed
[0126/105547.811:ERROR:scoped_process_suspend.cc(39)] NtResumeProcess: An attempt was made to access an exiting process.  (0xc000010a)
[0201/064336.280:ERROR:process_info.cc(632)] range at 0x9a5b304e00000000, size 0x61 fully unreadable
[0201/064336.281:ERROR:process_info.cc(632)] range at 0x9a5b30b200000000, size 0x61 fully unreadable
[0201/064336.281:ERROR:process_info.cc(632)] range at 0x0, size 0x61 fully unreadable
[0201/074122.591:ERROR:process_info.cc(632)] range at 0x6186304c00000000, size 0xab fully unreadable
[0201/074122.593:ERROR:process_info.cc(632)] range at 0x618630ae00000000, size 0xab fully unreadable
[0201/074122.593:ERROR:process_info.cc(632)] range at 0x0, size 0xab fully unreadable
[0204/095906.557:ERROR:process_info.cc(632)] range at 0xb173304e00000000, size 0xeb fully unreadable
[0204/095906.558:ERROR:process_info.cc(632)] range at 0xb17330b200000000, size 0xeb fully unreadable
[0204/095906.559:ERROR:process_info.cc(632)] range at 0x0, size 0xeb fully unreadable
[0205/085223.464:ERROR:process_info.cc(632)] range at 0xc7d1304c00000000, size 0x72 fully unreadable
[0205/085223.465:ERROR:process_info.cc(632)] range at 0xc7d130b000000000, size 0x72 fully unreadable
[0205/085223.466:ERROR:process_info.cc(632)] range at 0x0, size 0x72 fully unreadable
[0205/085223.486:ERROR:process_info.cc(380)] UncheckedAllocate
[0205/085223.561:ERROR:process_info.cc(632)] range at 0x9af124e600000000, size 0xab fully unreadable
[0205/085223.561:ERROR:process_info.cc(632)] range at 0x9af1250600000000, size 0xab fully unreadable
[0205/085223.561:ERROR:process_info.cc(632)] range at 0x0, size 0xab fully unreadable
